0 info it worked if it ends with ok
1 verbose cli [ '/usr/local/bin/node',
1 verbose cli   '/usr/local/lib/node_modules/cnpm/node_modules/.bin/npm',
1 verbose cli   '--userconfig=/Users/iknowing_huyanyan/.cnpmrc',
1 verbose cli   '--disturl=https://npm.taobao.org/mirrors/node',
1 verbose cli   '--registry=https://registry.npm.taobao.org',
1 verbose cli   'run',
1 verbose cli   'build' ]
2 info using npm@3.10.10
3 info using node@v8.0.0
4 verbose run-script [ 'prebuild', 'build', 'postbuild' ]
5 info lifecycle hbrain-test@1.0.0~prebuild: hbrain-test@1.0.0
6 silly lifecycle hbrain-test@1.0.0~prebuild: no script for prebuild, continuing
7 info lifecycle hbrain-test@1.0.0~build: hbrain-test@1.0.0
8 verbose lifecycle hbrain-test@1.0.0~build: unsafe-perm in lifecycle true
9 verbose lifecycle hbrain-test@1.0.0~build: PATH: /usr/local/lib/node_modules/cnpm/node_modules/npm/bin/node-gyp-bin:/Library/WebServer/Documents/node_modules/.bin:/Library/Frameworks/Python.framework/Versions/2.7/bin:/Users/iknowing_huyanyan/.rvm/gems/ruby-2.0.0-p481/bin:/Users/iknowing_huyanyan/.rvm/gems/ruby-2.0.0-p481@global/bin:/Users/iknowing_huyanyan/.rvm/rubies/ruby-2.0.0-p481/bin:/usr/local/bin:/usr/bin:/bin:/usr/sbin:/sbin:/Users/iknowing_huyanyan/.rvm/bin
10 verbose lifecycle hbrain-test@1.0.0~build: CWD: /Library/WebServer/Documents
11 silly lifecycle hbrain-test@1.0.0~build: Args: [ '-c',
11 silly lifecycle   'webpack --progress --hide-modules --config webpack.prod.config.js' ]
12 silly lifecycle hbrain-test@1.0.0~build: Returned: code: 1  signal: null
13 info lifecycle hbrain-test@1.0.0~build: Failed to exec build script
14 verbose stack Error: hbrain-test@1.0.0 build: `webpack --progress --hide-modules --config webpack.prod.config.js`
14 verbose stack Exit status 1
14 verbose stack     at EventEmitter.<anonymous> (/usr/local/lib/node_modules/cnpm/node_modules/npm/lib/utils/lifecycle.js:255:16)
14 verbose stack     at emitTwo (events.js:125:13)
14 verbose stack     at EventEmitter.emit (events.js:213:7)
14 verbose stack     at ChildProcess.<anonymous> (/usr/local/lib/node_modules/cnpm/node_modules/npm/lib/utils/spawn.js:40:14)
14 verbose stack     at emitTwo (events.js:125:13)
14 verbose stack     at ChildProcess.emit (events.js:213:7)
14 verbose stack     at maybeClose (internal/child_process.js:887:16)
14 verbose stack     at Process.ChildProcess._handle.onexit (internal/child_process.js:208:5)
15 verbose pkgid hbrain-test@1.0.0
16 verbose cwd /Library/WebServer/Documents/gitlab/ruyiai-official/www/ruyiai-official/html/ruyiai-official
17 error Darwin 14.5.0
18 error argv "/usr/local/bin/node" "/usr/local/lib/node_modules/cnpm/node_modules/.bin/npm" "--userconfig=/Users/iknowing_huyanyan/.cnpmrc" "--disturl=https://npm.taobao.org/mirrors/node" "--registry=https://registry.npm.taobao.org" "run" "build"
19 error node v8.0.0
20 error npm  v3.10.10
21 error code ELIFECYCLE
22 error hbrain-test@1.0.0 build: `webpack --progress --hide-modules --config webpack.prod.config.js`
22 error Exit status 1
23 error Failed at the hbrain-test@1.0.0 build script 'webpack --progress --hide-modules --config webpack.prod.config.js'.
23 error Make sure you have the latest version of node.js and npm installed.
23 error If you do, this is most likely a problem with the hbrain-test package,
23 error not with npm itself.
23 error Tell the author that this fails on your system:
23 error     webpack --progress --hide-modules --config webpack.prod.config.js
23 error You can get information on how to open an issue for this project with:
23 error     npm bugs hbrain-test
23 error Or if that isn't available, you can get their info via:
23 error     npm owner ls hbrain-test
23 error There is likely additional logging output above.
24 verbose exit [ 1, true ]
